[0.025s] Invoking command in '/home/codezerro/turtlebot3_ws/build/turtlebot3_node': CMAKE_PREFIX_PATH=${CMAKE_PREFIX_PATH}:/home/codezerro/turtlebot4_ws/install/turtlebot4_tests:/home/codezerro/turtlebot4_ws/install/turtlebot4_diagnostics:/opt/ros/jazzy DEBUGINFOD_URLS=https://debuginfod.ubuntu.com /usr/bin/cmake /home/codezerro/turtlebot3_ws/src/turtlebot3/turtlebot3_node -DAMENT_CMAKE_SYMLINK_INSTALL=1 -DCMAKE_INSTALL_PREFIX=/home/codezerro/turtlebot3_ws/install/turtlebot3_node
[0.207s] -- The C compiler identification is GNU 13.3.0
[0.207s] -- The CXX compiler identification is GNU 13.3.0
[0.207s] -- Detecting C compiler ABI info
[0.223s] -- Detecting C compiler ABI info - done
[0.233s] -- Check for working C compiler: /usr/bin/cc - skipped
[0.234s] -- Detecting C compile features
[0.234s] -- Detecting C compile features - done
[0.242s] -- Detecting CXX compiler ABI info
[0.319s] -- Detecting CXX compiler ABI info - done
[0.325s] -- Check for working CXX compiler: /usr/bin/c++ - skipped
[0.325s] -- Detecting CXX compile features
[0.326s] -- Detecting CXX compile features - done
[0.330s] -- Found ament_cmake: 2.5.3 (/opt/ros/jazzy/share/ament_cmake/cmake)
[0.435s] -- Found Python3: /usr/bin/python3 (found version "3.12.3") found components: Interpreter 
[0.478s] -- Override CMake install command with custom implementation using symlinks instead of copying resources
[0.527s] -- Found dynamixel_sdk: 3.8.3 (/opt/ros/jazzy/share/dynamixel_sdk/cmake)
[0.531s] -- Found geometry_msgs: 5.3.5 (/opt/ros/jazzy/share/geometry_msgs/cmake)
[0.576s] -- Found rosidl_generator_c: 4.6.5 (/opt/ros/jazzy/share/rosidl_generator_c/cmake)
[0.590s] -- Found rosidl_generator_cpp: 4.6.5 (/opt/ros/jazzy/share/rosidl_generator_cpp/cmake)
[0.606s] -- Using all available rosidl_typesupport_c: rosidl_typesupport_fastrtps_c;rosidl_typesupport_introspection_c
[0.623s] -- Using all available rosidl_typesupport_cpp: rosidl_typesupport_fastrtps_cpp;rosidl_typesupport_introspection_cpp
[0.657s] -- Found message_filters: 4.11.4 (/opt/ros/jazzy/share/message_filters/cmake)
[0.717s] -- Found rmw_implementation_cmake: 7.3.1 (/opt/ros/jazzy/share/rmw_implementation_cmake/cmake)
[0.721s] -- Found rmw_fastrtps_cpp: 8.4.1 (/opt/ros/jazzy/share/rmw_fastrtps_cpp/cmake)
[0.791s] -- Found OpenSSL: /usr/lib/x86_64-linux-gnu/libcrypto.so (found version "3.0.13")  
[0.806s] -- Found FastRTPS: /opt/ros/jazzy/include (Required is at least version "2.13") 
[0.822s] -- Using RMW implementation 'rmw_fastrtps_cpp' as default
[0.881s] -- Found nav_msgs: 5.3.5 (/opt/ros/jazzy/share/nav_msgs/cmake)
[0.903s] -- Found sensor_msgs: 5.3.5 (/opt/ros/jazzy/share/sensor_msgs/cmake)
[0.921s] -- Found std_srvs: 5.3.5 (/opt/ros/jazzy/share/std_srvs/cmake)
[0.933s] -- Found tf2: 0.36.8 (/opt/ros/jazzy/share/tf2/cmake)
[0.938s] -- Found tf2_ros: 0.36.8 (/opt/ros/jazzy/share/tf2_ros/cmake)
[1.035s] -- Found turtlebot3_msgs: 2.3.0 (/opt/ros/jazzy/share/turtlebot3_msgs/cmake)
[1.116s] -- Configuring done (1.1s)
[1.129s] -- Generating done (0.0s)
[1.132s] -- Build files have been written to: /home/codezerro/turtlebot3_ws/build/turtlebot3_node
[1.139s] Invoked command in '/home/codezerro/turtlebot3_ws/build/turtlebot3_node' returned '0': CMAKE_PREFIX_PATH=${CMAKE_PREFIX_PATH}:/home/codezerro/turtlebot4_ws/install/turtlebot4_tests:/home/codezerro/turtlebot4_ws/install/turtlebot4_diagnostics:/opt/ros/jazzy DEBUGINFOD_URLS=https://debuginfod.ubuntu.com /usr/bin/cmake /home/codezerro/turtlebot3_ws/src/turtlebot3/turtlebot3_node -DAMENT_CMAKE_SYMLINK_INSTALL=1 -DCMAKE_INSTALL_PREFIX=/home/codezerro/turtlebot3_ws/install/turtlebot3_node
[1.140s] Invoking command in '/home/codezerro/turtlebot3_ws/build/turtlebot3_node': CMAKE_PREFIX_PATH=${CMAKE_PREFIX_PATH}:/home/codezerro/turtlebot4_ws/install/turtlebot4_tests:/home/codezerro/turtlebot4_ws/install/turtlebot4_diagnostics:/opt/ros/jazzy DEBUGINFOD_URLS=https://debuginfod.ubuntu.com /usr/bin/cmake --build /home/codezerro/turtlebot3_ws/build/turtlebot3_node -- -j16 -l16
[1.178s] [  7%] [32mBuilding CXX object CMakeFiles/turtlebot3_node_lib.dir/src/odometry.cpp.o[0m
[1.178s] [ 14%] [32mBuilding CXX object CMakeFiles/turtlebot3_node_lib.dir/src/dynamixel_sdk_wrapper.cpp.o[0m
[1.178s] [ 21%] [32mBuilding CXX object CMakeFiles/turtlebot3_node_lib.dir/src/devices/motor_power.cpp.o[0m
[1.178s] [ 28%] [32mBuilding CXX object CMakeFiles/turtlebot3_node_lib.dir/src/devices/sound.cpp.o[0m
[1.178s] [ 35%] [32mBuilding CXX object CMakeFiles/turtlebot3_node_lib.dir/src/devices/reset.cpp.o[0m
[1.178s] [ 42%] [32mBuilding CXX object CMakeFiles/turtlebot3_node_lib.dir/src/sensors/battery_state.cpp.o[0m
[1.178s] [ 50%] [32mBuilding CXX object CMakeFiles/turtlebot3_node_lib.dir/src/turtlebot3.cpp.o[0m
[1.179s] [ 64%] [32mBuilding CXX object CMakeFiles/turtlebot3_node_lib.dir/src/diff_drive_controller.cpp.o[0m
[1.179s] [ 64%] [32mBuilding CXX object CMakeFiles/turtlebot3_node_lib.dir/src/sensors/sensor_state.cpp.o[0m
[1.179s] [ 71%] [32mBuilding CXX object CMakeFiles/turtlebot3_node_lib.dir/src/sensors/joint_state.cpp.o[0m
[1.179s] [ 78%] [32mBuilding CXX object CMakeFiles/turtlebot3_node_lib.dir/src/sensors/imu.cpp.o[0m
[9.491s] [ 85%] [32m[1mLinking CXX static library libturtlebot3_node_lib.a[0m
[9.786s] [ 85%] Built target turtlebot3_node_lib
[9.801s] [ 92%] [32mBuilding CXX object CMakeFiles/turtlebot3_ros.dir/src/node_main.cpp.o[0m
[11.476s] [100%] [32m[1mLinking CXX executable turtlebot3_ros[0m
[12.040s] [100%] Built target turtlebot3_ros
[12.048s] Invoked command in '/home/codezerro/turtlebot3_ws/build/turtlebot3_node' returned '0': CMAKE_PREFIX_PATH=${CMAKE_PREFIX_PATH}:/home/codezerro/turtlebot4_ws/install/turtlebot4_tests:/home/codezerro/turtlebot4_ws/install/turtlebot4_diagnostics:/opt/ros/jazzy DEBUGINFOD_URLS=https://debuginfod.ubuntu.com /usr/bin/cmake --build /home/codezerro/turtlebot3_ws/build/turtlebot3_node -- -j16 -l16
[12.049s] Invoking command in '/home/codezerro/turtlebot3_ws/build/turtlebot3_node': CMAKE_PREFIX_PATH=${CMAKE_PREFIX_PATH}:/home/codezerro/turtlebot4_ws/install/turtlebot4_tests:/home/codezerro/turtlebot4_ws/install/turtlebot4_diagnostics:/opt/ros/jazzy DEBUGINFOD_URLS=https://debuginfod.ubuntu.com /usr/bin/cmake --install /home/codezerro/turtlebot3_ws/build/turtlebot3_node
[12.054s] -- Install configuration: ""
[12.054s] -- Execute custom install script
[12.054s] -- Symlinking: /home/codezerro/turtlebot3_ws/install/turtlebot3_node/share/turtlebot3_node/param/burger.yaml
[12.061s] -- Symlinking: /home/codezerro/turtlebot3_ws/install/turtlebot3_node/share/turtlebot3_node/param/waffle.yaml
[12.067s] -- Symlinking: /home/codezerro/turtlebot3_ws/install/turtlebot3_node/share/turtlebot3_node/param/waffle_pi.yaml
[12.073s] -- Symlinking: /home/codezerro/turtlebot3_ws/install/turtlebot3_node/lib/turtlebot3_node/turtlebot3_ros
[12.080s] -- Symlinking: /home/codezerro/turtlebot3_ws/install/turtlebot3_node/share/ament_index/resource_index/package_run_dependencies/turtlebot3_node
[12.086s] -- Symlinking: /home/codezerro/turtlebot3_ws/install/turtlebot3_node/share/ament_index/resource_index/parent_prefix_path/turtlebot3_node
[12.093s] -- Symlinking: /home/codezerro/turtlebot3_ws/install/turtlebot3_node/share/turtlebot3_node/environment/ament_prefix_path.sh
[12.099s] -- Symlinking: /home/codezerro/turtlebot3_ws/install/turtlebot3_node/share/turtlebot3_node/environment/ament_prefix_path.dsv
[12.105s] -- Symlinking: /home/codezerro/turtlebot3_ws/install/turtlebot3_node/share/turtlebot3_node/environment/path.sh
[12.111s] -- Symlinking: /home/codezerro/turtlebot3_ws/install/turtlebot3_node/share/turtlebot3_node/environment/path.dsv
[12.117s] -- Symlinking: /home/codezerro/turtlebot3_ws/install/turtlebot3_node/share/turtlebot3_node/local_setup.bash
[12.124s] -- Symlinking: /home/codezerro/turtlebot3_ws/install/turtlebot3_node/share/turtlebot3_node/local_setup.sh
[12.130s] -- Symlinking: /home/codezerro/turtlebot3_ws/install/turtlebot3_node/share/turtlebot3_node/local_setup.zsh
[12.136s] -- Symlinking: /home/codezerro/turtlebot3_ws/install/turtlebot3_node/share/turtlebot3_node/local_setup.dsv
[12.142s] -- Symlinking: /home/codezerro/turtlebot3_ws/install/turtlebot3_node/share/turtlebot3_node/package.dsv
[12.148s] -- Symlinking: /home/codezerro/turtlebot3_ws/install/turtlebot3_node/share/ament_index/resource_index/packages/turtlebot3_node
[12.154s] -- Symlinking: /home/codezerro/turtlebot3_ws/install/turtlebot3_node/share/turtlebot3_node/cmake/ament_cmake_export_include_directories-extras.cmake
[12.160s] -- Symlinking: /home/codezerro/turtlebot3_ws/install/turtlebot3_node/share/turtlebot3_node/cmake/turtlebot3_nodeConfig.cmake
[12.166s] -- Symlinking: /home/codezerro/turtlebot3_ws/install/turtlebot3_node/share/turtlebot3_node/cmake/turtlebot3_nodeConfig-version.cmake
[12.172s] -- Symlinking: /home/codezerro/turtlebot3_ws/install/turtlebot3_node/share/turtlebot3_node/package.xml
[12.180s] Invoked command in '/home/codezerro/turtlebot3_ws/build/turtlebot3_node' returned '0': CMAKE_PREFIX_PATH=${CMAKE_PREFIX_PATH}:/home/codezerro/turtlebot4_ws/install/turtlebot4_tests:/home/codezerro/turtlebot4_ws/install/turtlebot4_diagnostics:/opt/ros/jazzy DEBUGINFOD_URLS=https://debuginfod.ubuntu.com /usr/bin/cmake --install /home/codezerro/turtlebot3_ws/build/turtlebot3_node
