[0.023s] Invoking command in '/home/codezerro/turtlebot3_ws/build/turtlebot3_cartographer': CMAKE_PREFIX_PATH=${CMAKE_PREFIX_PATH}:/home/codezerro/turtlebot4_ws/install/turtlebot4_tests:/home/codezerro/turtlebot4_ws/install/turtlebot4_diagnostics:/opt/ros/jazzy DEBUGINFOD_URLS=https://debuginfod.ubuntu.com /usr/bin/cmake /home/codezerro/turtlebot3_ws/src/turtlebot3/turtlebot3_cartographer -DAMENT_CMAKE_SYMLINK_INSTALL=1 -DCMAKE_INSTALL_PREFIX=/home/codezerro/turtlebot3_ws/install/turtlebot3_cartographer
[0.204s] -- The C compiler identification is GNU 13.3.0
[0.204s] -- The CXX compiler identification is GNU 13.3.0
[0.204s] -- Detecting C compiler ABI info
[0.219s] -- Detecting C compiler ABI info - done
[0.227s] -- Check for working C compiler: /usr/bin/cc - skipped
[0.227s] -- Detecting C compile features
[0.227s] -- Detecting C compile features - done
[0.235s] -- Detecting CXX compiler ABI info
[0.316s] -- Detecting CXX compiler ABI info - done
[0.322s] -- Check for working CXX compiler: /usr/bin/c++ - skipped
[0.322s] -- Detecting CXX compile features
[0.322s] -- Detecting CXX compile features - done
[0.327s] -- Found ament_cmake: 2.5.3 (/opt/ros/jazzy/share/ament_cmake/cmake)
[0.433s] -- Found Python3: /usr/bin/python3 (found version "3.12.3") found components: Interpreter 
[0.475s] -- Override CMake install command with custom implementation using symlinks instead of copying resources
[0.572s] -- Configuring done (0.5s)
[0.574s] -- Generating done (0.0s)
[0.574s] -- Build files have been written to: /home/codezerro/turtlebot3_ws/build/turtlebot3_cartographer
[0.578s] Invoked command in '/home/codezerro/turtlebot3_ws/build/turtlebot3_cartographer' returned '0': CMAKE_PREFIX_PATH=${CMAKE_PREFIX_PATH}:/home/codezerro/turtlebot4_ws/install/turtlebot4_tests:/home/codezerro/turtlebot4_ws/install/turtlebot4_diagnostics:/opt/ros/jazzy DEBUGINFOD_URLS=https://debuginfod.ubuntu.com /usr/bin/cmake /home/codezerro/turtlebot3_ws/src/turtlebot3/turtlebot3_cartographer -DAMENT_CMAKE_SYMLINK_INSTALL=1 -DCMAKE_INSTALL_PREFIX=/home/codezerro/turtlebot3_ws/install/turtlebot3_cartographer
[0.578s] Invoking command in '/home/codezerro/turtlebot3_ws/build/turtlebot3_cartographer': CMAKE_PREFIX_PATH=${CMAKE_PREFIX_PATH}:/home/codezerro/turtlebot4_ws/install/turtlebot4_tests:/home/codezerro/turtlebot4_ws/install/turtlebot4_diagnostics:/opt/ros/jazzy DEBUGINFOD_URLS=https://debuginfod.ubuntu.com /usr/bin/cmake --build /home/codezerro/turtlebot3_ws/build/turtlebot3_cartographer -- -j16 -l16
[0.608s] Invoked command in '/home/codezerro/turtlebot3_ws/build/turtlebot3_cartographer' returned '0': CMAKE_PREFIX_PATH=${CMAKE_PREFIX_PATH}:/home/codezerro/turtlebot4_ws/install/turtlebot4_tests:/home/codezerro/turtlebot4_ws/install/turtlebot4_diagnostics:/opt/ros/jazzy DEBUGINFOD_URLS=https://debuginfod.ubuntu.com /usr/bin/cmake --build /home/codezerro/turtlebot3_ws/build/turtlebot3_cartographer -- -j16 -l16
[0.615s] Invoking command in '/home/codezerro/turtlebot3_ws/build/turtlebot3_cartographer': CMAKE_PREFIX_PATH=${CMAKE_PREFIX_PATH}:/home/codezerro/turtlebot4_ws/install/turtlebot4_tests:/home/codezerro/turtlebot4_ws/install/turtlebot4_diagnostics:/opt/ros/jazzy DEBUGINFOD_URLS=https://debuginfod.ubuntu.com /usr/bin/cmake --install /home/codezerro/turtlebot3_ws/build/turtlebot3_cartographer
[0.620s] -- Install configuration: ""
[0.620s] -- Execute custom install script
[0.621s] -- Symlinking: /home/codezerro/turtlebot3_ws/install/turtlebot3_cartographer/share/turtlebot3_cartographer/config/turtlebot3_lds_2d.lua
[0.627s] -- Symlinking: /home/codezerro/turtlebot3_ws/install/turtlebot3_cartographer/share/turtlebot3_cartographer/launch/cartographer.launch.py
[0.633s] -- Symlinking: /home/codezerro/turtlebot3_ws/install/turtlebot3_cartographer/share/turtlebot3_cartographer/launch/occupancy_grid.launch.py
[0.640s] -- Symlinking: /home/codezerro/turtlebot3_ws/install/turtlebot3_cartographer/share/turtlebot3_cartographer/rviz/tb3_cartographer.rviz
[0.646s] -- Symlinking: /home/codezerro/turtlebot3_ws/install/turtlebot3_cartographer/share/ament_index/resource_index/package_run_dependencies/turtlebot3_cartographer
[0.652s] -- Symlinking: /home/codezerro/turtlebot3_ws/install/turtlebot3_cartographer/share/ament_index/resource_index/parent_prefix_path/turtlebot3_cartographer
[0.658s] -- Symlinking: /home/codezerro/turtlebot3_ws/install/turtlebot3_cartographer/share/turtlebot3_cartographer/environment/ament_prefix_path.sh
[0.664s] -- Symlinking: /home/codezerro/turtlebot3_ws/install/turtlebot3_cartographer/share/turtlebot3_cartographer/environment/ament_prefix_path.dsv
[0.671s] -- Symlinking: /home/codezerro/turtlebot3_ws/install/turtlebot3_cartographer/share/turtlebot3_cartographer/environment/path.sh
[0.676s] -- Symlinking: /home/codezerro/turtlebot3_ws/install/turtlebot3_cartographer/share/turtlebot3_cartographer/environment/path.dsv
[0.682s] -- Symlinking: /home/codezerro/turtlebot3_ws/install/turtlebot3_cartographer/share/turtlebot3_cartographer/local_setup.bash
[0.689s] -- Symlinking: /home/codezerro/turtlebot3_ws/install/turtlebot3_cartographer/share/turtlebot3_cartographer/local_setup.sh
[0.695s] -- Symlinking: /home/codezerro/turtlebot3_ws/install/turtlebot3_cartographer/share/turtlebot3_cartographer/local_setup.zsh
[0.701s] -- Symlinking: /home/codezerro/turtlebot3_ws/install/turtlebot3_cartographer/share/turtlebot3_cartographer/local_setup.dsv
[0.707s] -- Symlinking: /home/codezerro/turtlebot3_ws/install/turtlebot3_cartographer/share/turtlebot3_cartographer/package.dsv
[0.713s] -- Symlinking: /home/codezerro/turtlebot3_ws/install/turtlebot3_cartographer/share/ament_index/resource_index/packages/turtlebot3_cartographer
[0.719s] -- Symlinking: /home/codezerro/turtlebot3_ws/install/turtlebot3_cartographer/share/turtlebot3_cartographer/cmake/turtlebot3_cartographerConfig.cmake
[0.725s] -- Symlinking: /home/codezerro/turtlebot3_ws/install/turtlebot3_cartographer/share/turtlebot3_cartographer/cmake/turtlebot3_cartographerConfig-version.cmake
[0.731s] -- Symlinking: /home/codezerro/turtlebot3_ws/install/turtlebot3_cartographer/share/turtlebot3_cartographer/package.xml
[0.738s] Invoked command in '/home/codezerro/turtlebot3_ws/build/turtlebot3_cartographer' returned '0': CMAKE_PREFIX_PATH=${CMAKE_PREFIX_PATH}:/home/codezerro/turtlebot4_ws/install/turtlebot4_tests:/home/codezerro/turtlebot4_ws/install/turtlebot4_diagnostics:/opt/ros/jazzy DEBUGINFOD_URLS=https://debuginfod.ubuntu.com /usr/bin/cmake --install /home/codezerro/turtlebot3_ws/build/turtlebot3_cartographer
