[0.780s] Invoking command in '/home/codezerro/turtlebot3_ws/build/turtlebot3_example': DEBUGINFOD_URLS=https://debuginfod.ubuntu.com PYTHONPATH=/home/codezerro/turtlebot3_ws/build/turtlebot3_example/prefix_override:/usr/lib/python3/dist-packages/colcon_core/task/python/colcon_distutils_commands:/home/codezerro/turtlebot3_ws/install/turtlebot3_example/lib/python3.12/site-packages:${PYTHONPATH} /usr/bin/python3 -W ignore:setup.py install is deprecated -W ignore:easy_install command is deprecated setup.py develop --editable --build-directory /home/codezerro/turtlebot3_ws/build/turtlebot3_example/build --no-deps symlink_data
[0.945s] running develop
[1.040s] running egg_info
[1.040s] creating turtlebot3_example.egg-info
[1.049s] writing turtlebot3_example.egg-info/PKG-INFO
[1.049s] writing dependency_links to turtlebot3_example.egg-info/dependency_links.txt
[1.049s] writing entry points to turtlebot3_example.egg-info/entry_points.txt
[1.049s] writing requirements to turtlebot3_example.egg-info/requires.txt
[1.049s] writing top-level names to turtlebot3_example.egg-info/top_level.txt
[1.050s] writing manifest file 'turtlebot3_example.egg-info/SOURCES.txt'
[1.067s] reading manifest file 'turtlebot3_example.egg-info/SOURCES.txt'
[1.068s] writing manifest file 'turtlebot3_example.egg-info/SOURCES.txt'
[1.077s] running build_ext
[1.077s] Creating /home/codezerro/turtlebot3_ws/install/turtlebot3_example/lib/python3.12/site-packages/turtlebot3-example.egg-link (link to .)
[1.077s] Installing turtlebot3_interactive_marker script to /home/codezerro/turtlebot3_ws/install/turtlebot3_example/lib/turtlebot3_example
[1.077s] Installing turtlebot3_obstacle_detection script to /home/codezerro/turtlebot3_ws/install/turtlebot3_example/lib/turtlebot3_example
[1.077s] Installing turtlebot3_patrol_client script to /home/codezerro/turtlebot3_ws/install/turtlebot3_example/lib/turtlebot3_example
[1.077s] Installing turtlebot3_patrol_server script to /home/codezerro/turtlebot3_ws/install/turtlebot3_example/lib/turtlebot3_example
[1.077s] Installing turtlebot3_position_control_pointop_key script to /home/codezerro/turtlebot3_ws/install/turtlebot3_example/lib/turtlebot3_example
[1.078s] 
[1.078s] Installed /home/codezerro/turtlebot3_ws/build/turtlebot3_example
[1.078s] running symlink_data
[1.078s] creating /home/codezerro/turtlebot3_ws/install/turtlebot3_example/share/ament_index
[1.078s] creating /home/codezerro/turtlebot3_ws/install/turtlebot3_example/share/ament_index/resource_index
[1.078s] creating /home/codezerro/turtlebot3_ws/install/turtlebot3_example/share/ament_index/resource_index/packages
[1.078s] symbolically linking /home/codezerro/turtlebot3_ws/build/turtlebot3_example/resource/turtlebot3_example -> /home/codezerro/turtlebot3_ws/install/turtlebot3_example/share/ament_index/resource_index/packages
[1.078s] symbolically linking /home/codezerro/turtlebot3_ws/build/turtlebot3_example/package.xml -> /home/codezerro/turtlebot3_ws/install/turtlebot3_example/share/turtlebot3_example
[1.094s] Invoked command in '/home/codezerro/turtlebot3_ws/build/turtlebot3_example' returned '0': DEBUGINFOD_URLS=https://debuginfod.ubuntu.com PYTHONPATH=/home/codezerro/turtlebot3_ws/build/turtlebot3_example/prefix_override:/usr/lib/python3/dist-packages/colcon_core/task/python/colcon_distutils_commands:/home/codezerro/turtlebot3_ws/install/turtlebot3_example/lib/python3.12/site-packages:${PYTHONPATH} /usr/bin/python3 -W ignore:setup.py install is deprecated -W ignore:easy_install command is deprecated setup.py develop --editable --build-directory /home/codezerro/turtlebot3_ws/build/turtlebot3_example/build --no-deps symlink_data
