[0.770s] Invoking command in '/home/codezerro/turtlebot3_ws/build/turtlebot3_teleop': DEBUGINFOD_URLS=https://debuginfod.ubuntu.com PYTHONPATH=/home/codezerro/turtlebot3_ws/build/turtlebot3_teleop/prefix_override:/usr/lib/python3/dist-packages/colcon_core/task/python/colcon_distutils_commands:/home/codezerro/turtlebot3_ws/install/turtlebot3_teleop/lib/python3.12/site-packages:${PYTHONPATH} /usr/bin/python3 -W ignore:setup.py install is deprecated -W ignore:easy_install command is deprecated setup.py develop --editable --build-directory /home/codezerro/turtlebot3_ws/build/turtlebot3_teleop/build --no-deps symlink_data
[0.943s] running develop
[1.043s] running egg_info
[1.043s] creating turtlebot3_teleop.egg-info
[1.052s] writing turtlebot3_teleop.egg-info/PKG-INFO
[1.052s] writing dependency_links to turtlebot3_teleop.egg-info/dependency_links.txt
[1.053s] writing entry points to turtlebot3_teleop.egg-info/entry_points.txt
[1.053s] writing requirements to turtlebot3_teleop.egg-info/requires.txt
[1.053s] writing top-level names to turtlebot3_teleop.egg-info/top_level.txt
[1.053s] writing manifest file 'turtlebot3_teleop.egg-info/SOURCES.txt'
[1.071s] reading manifest file 'turtlebot3_teleop.egg-info/SOURCES.txt'
[1.071s] writing manifest file 'turtlebot3_teleop.egg-info/SOURCES.txt'
[1.081s] running build_ext
[1.081s] Creating /home/codezerro/turtlebot3_ws/install/turtlebot3_teleop/lib/python3.12/site-packages/turtlebot3-teleop.egg-link (link to .)
[1.081s] Installing teleop_keyboard script to /home/codezerro/turtlebot3_ws/install/turtlebot3_teleop/lib/turtlebot3_teleop
[1.081s] 
[1.081s] Installed /home/codezerro/turtlebot3_ws/build/turtlebot3_teleop
[1.081s] running symlink_data
[1.081s] creating /home/codezerro/turtlebot3_ws/install/turtlebot3_teleop/share/ament_index
[1.081s] creating /home/codezerro/turtlebot3_ws/install/turtlebot3_teleop/share/ament_index/resource_index
[1.081s] creating /home/codezerro/turtlebot3_ws/install/turtlebot3_teleop/share/ament_index/resource_index/packages
[1.081s] symbolically linking /home/codezerro/turtlebot3_ws/build/turtlebot3_teleop/resource/turtlebot3_teleop -> /home/codezerro/turtlebot3_ws/install/turtlebot3_teleop/share/ament_index/resource_index/packages
[1.081s] symbolically linking /home/codezerro/turtlebot3_ws/build/turtlebot3_teleop/package.xml -> /home/codezerro/turtlebot3_ws/install/turtlebot3_teleop/share/turtlebot3_teleop
[1.100s] Invoked command in '/home/codezerro/turtlebot3_ws/build/turtlebot3_teleop' returned '0': DEBUGINFOD_URLS=https://debuginfod.ubuntu.com PYTHONPATH=/home/codezerro/turtlebot3_ws/build/turtlebot3_teleop/prefix_override:/usr/lib/python3/dist-packages/colcon_core/task/python/colcon_distutils_commands:/home/codezerro/turtlebot3_ws/install/turtlebot3_teleop/lib/python3.12/site-packages:${PYTHONPATH} /usr/bin/python3 -W ignore:setup.py install is deprecated -W ignore:easy_install command is deprecated setup.py develop --editable --build-directory /home/codezerro/turtlebot3_ws/build/turtlebot3_teleop/build --no-deps symlink_data
